1696414436296	geckodriver	INFO	Listening on 127.0.0.1:60059
1696414439357	mozrunner::runner	INFO	Running command: "C:\\Users\\poladko.dv\\AppData\\Local\\Mozilla Firefox\\firefox.exe" "--marionette" "--remote-debugging-por ... -remote-allow-hosts" "localhost" "-no-remote" "-profile" "C:\\Users\\poladko.dv\\AppData\\Local\\Temp\\rust_mozprofileprlQQy"
console.warn: services.settings: Ignoring preference override of remote settings server
console.warn: services.settings: Allow by setting MOZ_REMOTE_SETTINGS_DEVTOOLS=1 in the environment
1696414439591	Marionette	INFO	Marionette enabled
Dynamically enable window occlusion 0
1696414439639	Marionette	INFO	Listening on port 60759
WebDriver BiDi listening on ws://127.0.0.1:60060
Read port: 60759
1696414439793	RemoteAgent	WARN	TLS certificate errors will be ignored for this session
DevTools listening on ws://127.0.0.1:60060/devtools/browser/d9fe6d64-c086-468d-ab61-2346f0e00e6c
console.warn: LoginRecipes: "Falling back to a synchronous message for: https://intranet-test.roslesinforg.ru."
console.warn: LoginRecipes: "Falling back to a synchronous message for: https://intranet-test.roslesinforg.ru."
1696414641765	Marionette	INFO	Stopped listening on port 60759
Dynamically enable window occlusion 1
ng command: "C:\\Users\\poladko.dv\\AppData\\Local\\Mozilla Firefox\\firefox.exe" "--marionette" "--remote-debugging-por ... -remote-allow-hosts" "localhost" "-no-remote" "-profile" "C:\\Users\\poladko.dv\\AppData\\Local\\Temp\\rust_mozprofilel2mAgo"
console.warn: services.settings: Ignoring preference override of remote settings server
console.warn: services.settings: Allow by setting MOZ_REMOTE_SETTINGS_DEVTOOLS=1 in the environment
1696414482909	Marionette	INFO	Marionette enabled
Dynamically enable window occlusion 0
1696414482954	Marionette	INFO	Listening on port 49582
WebDriver BiDi listening on ws://127.0.0.1:49528
Read port: 49582
1696414483100	RemoteAgent	WARN	TLS certificate errors will be ignored for this session
DevTools listening on ws://127.0.0.1:49528/devtools/browser/40773d27-df93-4866-be01-c6bc672e3565
console.warn: LoginRecipes: "Falling back to a synchronous message for: https://intranet-test.roslesinforg.ru."
console.warn: LoginRecipes: "Falling back to a synchronous message for: https://intranet-test.roslesinforg.ru."
JavaScript warning: https://intranet-test.roslesinforg.ru/bitrix/js/im/call/dist/call.bundle.min.js?1690964462406991, line 1: unreachable code after return statement
JavaScript warning: https://intranet-test.roslesinforg.ru/bitrix/js/im/call/dist/call.bundle.min.js?1690964462406991, line 1: unreachable code after return statement
JavaScript warning: https://intranet-test.roslesinforg.ru/bitrix/js/im/call/dist/call.bundle.min.js?1690964462406991, line 1: unreachable code after return statement
JavaScript warning: https://intranet-test.roslesinforg.ru/bitrix/js/voximplant/phone-calls/dist/phone-calls.bundle.min.js?1695260915176800, line 1: unreachable code after return statement
JavaScript warning: https://intranet-test.roslesinforg.ru/bitrix/js/landing/ui/note/menu.min.js?16170783972142, line 1: unreachable code after return statement
JavaScript warning: https://intranet-test.roslesinforg.ru/bitrix/cache/js/s1/bitrix24/kernel_im/kernel_im_v1.js?1695272768966792, line 6: unreachable code after return statement
JavaScript warning: https://intranet-test.roslesinforg.ru/bitrix/cache/js/s1/bitrix24/kernel_im/kernel_im_v1.js?1695272768966792, line 38: unreachable code after return statement
console.warn: services.settings: Ignoring preference override of remote settings server
console.warn: services.settings: Allow by setting MOZ_REMOTE_SETTINGS_DEVTOOLS=1 in the environment
console.error: (new TypeError("lazy.AsyncShutdown.profileBeforeChange is undefined", "resource://services-settings/Database.sys.mjs", 593))
1696414564224	Marionette	INFO	Stopped listening on port 49582
Dynamically enable window occlusion 1
